<?xml version="1.0" encoding="UTF-8"?>
<testsuite xmlns:xsi="http://www.w3.org/2001/XMLSchema-instance" xsi:noNamespaceSchemaLocation="https://maven.apache.org/surefire/maven-surefire-plugin/xsd/surefire-test-report-3.0.xsd" version="3.0" name="TestRunner" time="4.159" tests="1" errors="0" skipped="0" failures="0">
  <properties>
[...]
</properties>
  <testcase name="Realizar login com sucesso" classname="Login" time="3.442">
    <system-out><![CDATA[
Scenario: Realizar login com sucesso                                                          &amp#27;[90m# src/test/java/resources/features/example.feature:3&amp#27;[0m
  &amp#27;[32mGiven &amp#27;[0m&amp#27;[32mque eu acesso o &amp#27;[0m&amp#27;[32m&amp#27;[1m"https://treinamento.harpya.pm.pr.gov.br/pmpr/syspm-web/public/login"&amp#27;[0m &amp#27;[90m# stepdefinitions.StepDefinitions.queEuAcessoO(java.lang.String)&amp#27;[0m
  &amp#27;[32mAnd &amp#27;[0m&amp#27;[32meu preencho os campos corretamente&amp#27;[0m                                                      &amp#27;[90m# stepdefinitions.StepDefinitions.euPreenchoOsCamposCorretamente()&amp#27;[0m
  &amp#27;[32mWhen &amp#27;[0m&amp#27;[32meu clico em &amp#27;[0m&amp#27;[32m&amp#27;[1m"entrar"&amp#27;[0m                                                                   &amp#27;[90m# stepdefinitions.StepDefinitions.euClicoEm(java.lang.String)&amp#27;[0m
]]></system-out>
    <system-err><![CDATA[Starting ChromeDriver 126.0.6478.182 (5b5d8292ddf182f8b2096fa665b473b6317906d5-refs/branch-heads/6478@{#1776}) on port 61150
Only local connections are allowed.
Please see https://chromedriver.chromium.org/security-considerations for suggestions on keeping ChromeDriver safe.
ChromeDriver was started successfully.
jul. 23, 2024 9:02:24 AM org.openqa.selenium.remote.ProtocolHandshake createSession
INFO: Detected dialect: W3C
]]></system-err>
  </testcase>
</testsuite>