-------------------------------------------------------------------------------
Test set: TestRunner
-------------------------------------------------------------------------------
Tests run: 2, Failures: 1, Errors: 0, Skipped: 0, Time elapsed: 9.717 s <<< FAILURE! -- in TestRunner
Ocorrencia.Gerar nova ocorrência -- Time elapsed: 6.311 s <<< FAILURE!
java.lang.AssertionError: A URL esperada não foi encontrada.
	at org.junit.Assert.fail(Assert.java:89)
	at org.junit.Assert.assertTrue(Assert.java:42)
	at pages.BasePage.realizarLogin(BasePage.java:30)
	at stepdefinitions.Ocorrencia.queEuAcesso(Ocorrencia.java:22)
	at ✽.que eu realizo login no sade(file:///C:/Users/gabri/OneDrive/Desktop/Documentos/egsys/automation_selenium/automation_egsys_web/src/test/java/resources/features/Ocorrencia.feature:4)

