<?xml version="1.0" encoding="UTF-8"?>
<testsuite xmlns:xsi="http://www.w3.org/2001/XMLSchema-instance" xsi:noNamespaceSchemaLocation="https://maven.apache.org/surefire/maven-surefire-plugin/xsd/surefire-test-report-3.0.xsd" version="3.0" name="TestRunner" time="4.391" tests="1" errors="1" skipped="0" failures="0">
  <properties>
[...]
</properties>
  <testcase name="Gerar nova ocorrência" classname="Ocorrencia" time="4.006">
    <error message="no such element: Unable to locate element: {&quot;method&quot;:&quot;css selector&quot;,&quot;selector&quot;:&quot;#Selecionar&quot;}&#10;  (Session info: chrome=127.0.6533.73)&#10;For documentation on this error, please visit: https://www.seleniumhq.org/exceptions/no_such_element.html&#10;Build info: version: &apos;3.141.59&apos;, revision: &apos;e82be7d358&apos;, time: &apos;2018-11-14T08:17:03&apos;&#10;System info: host: &apos;GABRIEL&apos;, ip: &apos;192.168.25.29&apos;, os.name: &apos;Windows 11&apos;, os.arch: &apos;amd64&apos;, os.version: &apos;10.0&apos;, java.version: &apos;21.0.2&apos;&#10;Driver info: org.openqa.selenium.chrome.ChromeDriver&#10;Capabilities {acceptInsecureCerts: false, browserName: chrome, browserVersion: 127.0.6533.73, chrome: {chromedriverVersion: 126.0.6478.182 (5b5d8292ddf..., userDataDir: C:\Users\gabri\AppData\Loca...}, fedcm:accounts: true, goog:chromeOptions: {debuggerAddress: localhost:58733}, javascriptEnabled: true, networkConnectionEnabled: false, pageLoadStrategy: normal, platform: WINDOWS, platformName: WINDOWS, proxy: Proxy(), setWindowRect: true, strictFileInteractability: false, timeouts: {implicit: 0, pageLoad: 300000, script: 30000}, unhandledPromptBehavior: dismiss and notify, webauthn:extension:credBlob: true, webauthn:extension:largeBlob: true, webauthn:extension:minPinLength: true, webauthn:extension:prf: true, webauthn:virtualAuthenticators: true}&#10;Session ID: 79f7764f74e9a9dca8b84f8febbd28fa&#10;*** Element info: {Using=id, value=Selecionar}" type="org.openqa.selenium.NoSuchElementException"><![CDATA[org.openqa.selenium.NoSuchElementException: 
no such element: Unable to locate element: {"method":"css selector","selector":"#Selecionar"}
  (Session info: chrome=127.0.6533.73)
For documentation on this error, please visit: https://www.seleniumhq.org/exceptions/no_such_element.html
Build info: version: '3.141.59', revision: 'e82be7d358', time: '2018-11-14T08:17:03'
System info: host: 'GABRIEL', ip: '192.168.25.29', os.name: 'Windows 11', os.arch: 'amd64', os.version: '10.0', java.version: '21.0.2'
Driver info: org.openqa.selenium.chrome.ChromeDriver
Capabilities {acceptInsecureCerts: false, browserName: chrome, browserVersion: 127.0.6533.73, chrome: {chromedriverVersion: 126.0.6478.182 (5b5d8292ddf..., userDataDir: C:\Users\gabri\AppData\Loca...}, fedcm:accounts: true, goog:chromeOptions: {debuggerAddress: localhost:58733}, javascriptEnabled: true, networkConnectionEnabled: false, pageLoadStrategy: normal, platform: WINDOWS, platformName: WINDOWS, proxy: Proxy(), setWindowRect: true, strictFileInteractability: false, timeouts: {implicit: 0, pageLoad: 300000, script: 30000}, unhandledPromptBehavior: dismiss and notify, webauthn:extension:credBlob: true, webauthn:extension:largeBlob: true, webauthn:extension:minPinLength: true, webauthn:extension:prf: true, webauthn:virtualAuthenticators: true}
Session ID: 79f7764f74e9a9dca8b84f8febbd28fa
*** Element info: {Using=id, value=Selecionar}
	at java.base/jdk.internal.reflect.DirectConstructorHandleAccessor.newInstance(DirectConstructorHandleAccessor.java:62)
	at java.base/java.lang.reflect.Constructor.newInstanceWithCaller(Constructor.java:502)
	at java.base/java.lang.reflect.Constructor.newInstance(Constructor.java:486)
	at org.openqa.selenium.remote.http.W3CHttpResponseCodec.createException(W3CHttpResponseCodec.java:187)
	at org.openqa.selenium.remote.http.W3CHttpResponseCodec.decode(W3CHttpResponseCodec.java:122)
	at org.openqa.selenium.remote.http.W3CHttpResponseCodec.decode(W3CHttpResponseCodec.java:49)
	at org.openqa.selenium.remote.HttpCommandExecutor.execute(HttpCommandExecutor.java:158)
	at org.openqa.selenium.remote.service.DriverCommandExecutor.execute(DriverCommandExecutor.java:83)
	at org.openqa.selenium.remote.RemoteWebDriver.execute(RemoteWebDriver.java:552)
	at org.openqa.selenium.remote.RemoteWebDriver.findElement(RemoteWebDriver.java:323)
	at org.openqa.selenium.remote.RemoteWebDriver.findElementById(RemoteWebDriver.java:372)
	at org.openqa.selenium.By$ById.findElement(By.java:188)
	at org.openqa.selenium.remote.RemoteWebDriver.findElement(RemoteWebDriver.java:315)
	at pages.BasePage.clicarBotao(BasePage.java:61)
	at stepdefinitions.OcorrenciaStep.eu_clico_em(OcorrenciaStep.java:53)
	at ✽.eu clico em "SELECIONAR_BUTTON"(file:///C:/Users/gabri/OneDrive/Desktop/Documentos/egsys/automation_selenium/automation_egsys_web/src/test/java/resources/features/Ocorrencia.feature:7)
]]></error>
    <system-out><![CDATA[
Scenario: Gerar nova ocorrência                                                     &amp#27;[90m# src/test/java/resources/features/Ocorrencia.feature:10&amp#27;[0m
  &amp#27;[32mGiven &amp#27;[0m&amp#27;[32mque eu acesso o BackOffice&amp#27;[0m                                                  &amp#27;[90m# stepdefinitions.LoginStep.queEuAcesso()&amp#27;[0m
  &amp#27;[32mAnd &amp#27;[0m&amp#27;[32meu preencho os campos corretamente&amp#27;[0m                                            &amp#27;[90m# stepdefinitions.LoginStep.euPreenchoOsCamposCorretamente()&amp#27;[0m
  &amp#27;[32mWhen &amp#27;[0m&amp#27;[32meu clico em entrar&amp#27;[0m                                                           &amp#27;[90m# stepdefinitions.LoginStep.euClicoEm()&amp#27;[0m
  &amp#27;[31mAnd &amp#27;[0m&amp#27;[31meu clico em &amp#27;[0m&amp#27;[31m&amp#27;[1m"SELECIONAR_BUTTON"&amp#27;[0m                                               &amp#27;[90m# stepdefinitions.OcorrenciaStep.eu_clico_em(java.lang.String)&amp#27;[0m
      &amp#27;[31morg.openqa.selenium.NoSuchElementException: no such element: Unable to locate element: {"method":"css selector","selector":"#Selecionar"}
  (Session info: chrome=127.0.6533.73)
For documentation on this error, please visit: https://www.seleniumhq.org/exceptions/no_such_element.html
Build info: version: '3.141.59', revision: 'e82be7d358', time: '2018-11-14T08:17:03'
System info: host: 'GABRIEL', ip: '192.168.25.29', os.name: 'Windows 11', os.arch: 'amd64', os.version: '10.0', java.version: '21.0.2'
Driver info: org.openqa.selenium.chrome.ChromeDriver
Capabilities {acceptInsecureCerts: false, browserName: chrome, browserVersion: 127.0.6533.73, chrome: {chromedriverVersion: 126.0.6478.182 (5b5d8292ddf..., userDataDir: C:\Users\gabri\AppData\Loca...}, fedcm:accounts: true, goog:chromeOptions: {debuggerAddress: localhost:58733}, javascriptEnabled: true, networkConnectionEnabled: false, pageLoadStrategy: normal, platform: WINDOWS, platformName: WINDOWS, proxy: Proxy(), setWindowRect: true, strictFileInteractability: false, timeouts: {implicit: 0, pageLoad: 300000, script: 30000}, unhandledPromptBehavior: dismiss and notify, webauthn:extension:credBlob: true, webauthn:extension:largeBlob: true, webauthn:extension:minPinLength: true, webauthn:extension:prf: true, webauthn:virtualAuthenticators: true}
Session ID: 79f7764f74e9a9dca8b84f8febbd28fa
*** Element info: {Using=id, value=Selecionar}
	at java.base/jdk.internal.reflect.DirectConstructorHandleAccessor.newInstance(DirectConstructorHandleAccessor.java:62)
	at java.base/java.lang.reflect.Constructor.newInstanceWithCaller(Constructor.java:502)
	at java.base/java.lang.reflect.Constructor.newInstance(Constructor.java:486)
	at org.openqa.selenium.remote.http.W3CHttpResponseCodec.createException(W3CHttpResponseCodec.java:187)
	at org.openqa.selenium.remote.http.W3CHttpResponseCodec.decode(W3CHttpResponseCodec.java:122)
	at org.openqa.selenium.remote.http.W3CHttpResponseCodec.decode(W3CHttpResponseCodec.java:49)
	at org.openqa.selenium.remote.HttpCommandExecutor.execute(HttpCommandExecutor.java:158)
	at org.openqa.selenium.remote.service.DriverCommandExecutor.execute(DriverCommandExecutor.java:83)
	at org.openqa.selenium.remote.RemoteWebDriver.execute(RemoteWebDriver.java:552)
	at org.openqa.selenium.remote.RemoteWebDriver.findElement(RemoteWebDriver.java:323)
	at org.openqa.selenium.remote.RemoteWebDriver.findElementById(RemoteWebDriver.java:372)
	at org.openqa.selenium.By$ById.findElement(By.java:188)
	at org.openqa.selenium.remote.RemoteWebDriver.findElement(RemoteWebDriver.java:315)
	at pages.BasePage.clicarBotao(BasePage.java:61)
	at stepdefinitions.OcorrenciaStep.eu_clico_em(OcorrenciaStep.java:53)
	at ✽.eu clico em "SELECIONAR_BUTTON"(file:///C:/Users/gabri/OneDrive/Desktop/Documentos/egsys/automation_selenium/automation_egsys_web/src/test/java/resources/features/Ocorrencia.feature:7)
&amp#27;[0m
  &amp#27;[36mThen &amp#27;[0m&amp#27;[36mo login deve ser realizado&amp#27;[0m                                                   &amp#27;[90m# stepdefinitions.LoginStep.validaLogin()&amp#27;[0m
  &amp#27;[36mWhen &amp#27;[0m&amp#27;[36meu clico no menu &amp#27;[0m&amp#27;[36m&amp#27;[1m'GERAR_OCORRENCIA_LINK'&amp#27;[0m                                     &amp#27;[90m# stepdefinitions.OcorrenciaStep.acessaMenuGerarOcorrencia(java.lang.String)&amp#27;[0m
  &amp#27;[36mAnd &amp#27;[0m&amp#27;[36meu preencho o campo &amp#27;[0m&amp#27;[36m&amp#27;[1m"CAMPO_NOME"&amp#27;[0m&amp#27;[36m com &amp#27;[0m&amp#27;[36m&amp#27;[1m"Automação Quality Assurance"&amp#27;[0m            &amp#27;[90m# stepdefinitions.OcorrenciaStep.preencheDadosOcorrencia(java.lang.String,java.lang.String)&amp#27;[0m
  &amp#27;[36mAnd &amp#27;[0m&amp#27;[36meu preencho o campo &amp#27;[0m&amp#27;[36m&amp#27;[1m"CAMPO_TELEFONE"&amp#27;[0m&amp#27;[36m com &amp#27;[0m&amp#27;[36m&amp#27;[1m"51995486235"&amp#27;[0m                        &amp#27;[90m# stepdefinitions.OcorrenciaStep.preencheDadosOcorrencia(java.lang.String,java.lang.String)&amp#27;[0m
  &amp#27;[36mAnd &amp#27;[0m&amp#27;[36meu seleciono &amp#27;[0m&amp#27;[36m&amp#27;[1m"Curitiba"&amp#27;[0m&amp#27;[36m no campo &amp#27;[0m&amp#27;[36m&amp#27;[1m"CAMPO_MUNICIPIO"&amp#27;[0m                            &amp#27;[90m# stepdefinitions.OcorrenciaStep.selecionaMunicipio(java.lang.String,java.lang.String)&amp#27;[0m
  &amp#27;[36mAnd &amp#27;[0m&amp#27;[36meu seleciono &amp#27;[0m&amp#27;[36m&amp#27;[1m"Centro"&amp#27;[0m&amp#27;[36m no campo &amp#27;[0m&amp#27;[36m&amp#27;[1m"CAMPO_BAIRRO"&amp#27;[0m                                 &amp#27;[90m# stepdefinitions.OcorrenciaStep.selecionaMunicipio(java.lang.String,java.lang.String)&amp#27;[0m
  &amp#27;[36mAnd &amp#27;[0m&amp#27;[36meu seleciono &amp#27;[0m&amp#27;[36m&amp#27;[1m"AVENIDA BRASILIA"&amp#27;[0m&amp#27;[36m no campo &amp#27;[0m&amp#27;[36m&amp#27;[1m"CAMPO_ENDERECO"&amp#27;[0m                     &amp#27;[90m# stepdefinitions.OcorrenciaStep.selecionaMunicipio(java.lang.String,java.lang.String)&amp#27;[0m
  &amp#27;[36mAnd &amp#27;[0m&amp#27;[36meu preencho o campo &amp#27;[0m&amp#27;[36m&amp#27;[1m"CAMPO_NUMERO_ENDERECO"&amp#27;[0m&amp#27;[36m com &amp#27;[0m&amp#27;[36m&amp#27;[1m"221"&amp#27;[0m                         &amp#27;[90m# stepdefinitions.OcorrenciaStep.preencheDadosOcorrencia(java.lang.String,java.lang.String)&amp#27;[0m
  &amp#27;[36mAnd &amp#27;[0m&amp#27;[36meu preencho o campo &amp#27;[0m&amp#27;[36m&amp#27;[1m"CAMPO_DESCRICAO"&amp#27;[0m&amp#27;[36m com &amp#27;[0m&amp#27;[36m&amp#27;[1m"Ocorrência Gerada Pela Automação."&amp#27;[0m &amp#27;[90m# stepdefinitions.OcorrenciaStep.preencheDadosOcorrencia(java.lang.String,java.lang.String)&amp#27;[0m
  &amp#27;[36mAnd &amp#27;[0m&amp#27;[36meu seleciono &amp#27;[0m&amp#27;[36m&amp#27;[1m"ROUBO"&amp#27;[0m&amp#27;[36m no campo &amp#27;[0m&amp#27;[36m&amp#27;[1m"CAMPO_NATUREZA"&amp#27;[0m                                &amp#27;[90m# stepdefinitions.OcorrenciaStep.selecionaMunicipio(java.lang.String,java.lang.String)&amp#27;[0m
  &amp#27;[36mAnd &amp#27;[0m&amp#27;[36meu clico em &amp#27;[0m&amp#27;[36m&amp#27;[1m"AUTOR_NAO_ESTA_NO_LOCAL"&amp#27;[0m                                         &amp#27;[90m# stepdefinitions.OcorrenciaStep.eu_clico_em(java.lang.String)&amp#27;[0m
  &amp#27;[36mAnd &amp#27;[0m&amp#27;[36meu clico em &amp#27;[0m&amp#27;[36m&amp#27;[1m"AUTOR_NAO_ESTA_ARMADO"&amp#27;[0m                                           &amp#27;[90m# stepdefinitions.OcorrenciaStep.eu_clico_em(java.lang.String)&amp#27;[0m
  &amp#27;[36mAnd &amp#27;[0m&amp#27;[36meu clico em &amp#27;[0m&amp#27;[36m&amp#27;[1m"NAO_RISCO_DE_TUMULTO"&amp#27;[0m                                            &amp#27;[90m# stepdefinitions.OcorrenciaStep.eu_clico_em(java.lang.String)&amp#27;[0m
  &amp#27;[36mAnd &amp#27;[0m&amp#27;[36meu clico em &amp#27;[0m&amp#27;[36m&amp#27;[1m"NAO_PESSOAS_FERIDAS_RISCO_DE_MORTE"&amp#27;[0m                              &amp#27;[90m# stepdefinitions.OcorrenciaStep.eu_clico_em(java.lang.String)&amp#27;[0m
  &amp#27;[36mWhen &amp#27;[0m&amp#27;[36meu clico em &amp#27;[0m&amp#27;[36m&amp#27;[1m"BOTAO_SALVAR"&amp#27;[0m                                                   &amp#27;[90m# stepdefinitions.OcorrenciaStep.eu_clico_em(java.lang.String)&amp#27;[0m
  &amp#27;[36mThen &amp#27;[0m&amp#27;[36mdeve ser exibido &amp#27;[0m&amp#27;[36m&amp#27;[1m"Ocorrência registrada"&amp#27;[0m                                     &amp#27;[90m# stepdefinitions.OcorrenciaStep.deve_ser_exibido(java.lang.String)&amp#27;[0m
]]></system-out>
    <system-err><![CDATA[Starting ChromeDriver 126.0.6478.182 (5b5d8292ddf182f8b2096fa665b473b6317906d5-refs/branch-heads/6478@{#1776}) on port 36018
Only local connections are allowed.
Please see https://chromedriver.chromium.org/security-considerations for suggestions on keeping ChromeDriver safe.
ChromeDriver was started successfully.
[1722453087.156][WARNING]: This version of ChromeDriver has not been tested with Chrome version 127.
jul. 31, 2024 4:11:27 PM org.openqa.selenium.remote.ProtocolHandshake createSession
INFO: Detected dialect: W3C
Starting ChromeDriver 126.0.6478.182 (5b5d8292ddf182f8b2096fa665b473b6317906d5-refs/branch-heads/6478@{#1776}) on port 6935
Only local connections are allowed.
Please see https://chromedriver.chromium.org/security-considerations for suggestions on keeping ChromeDriver safe.
ChromeDriver was started successfully.
[1722453087.765][WARNING]: This version of ChromeDriver has not been tested with Chrome version 127.
jul. 31, 2024 4:11:27 PM org.openqa.selenium.remote.ProtocolHandshake createSession
INFO: Detected dialect: W3C
]]></system-err>
  </testcase>
</testsuite>